app/build/intermediates/manifest_merge_blame_file/debug/manifest-merger-blame-debug-report.txt
1<?xml version="1.0" encoding="utf-8"?>
2<manifest xmlns:android="http://schemas.android.com/apk/res/android"
3    package="com.civixshield.launcher"
4    android:versionCode="1"
5    android:versionName="1.0.0" >
6
7    <uses-sdk
8        android:minSdkVersion="29"
9        android:targetSdkVersion="34" />
10
11    <!-- ============================================================ -->
12    <!-- PERMISSIONS -->
13    <!-- ============================================================ -->
14    <uses-permission android:name="android.permission.RECEIVE_BOOT_COMPLETED" />
14-->src\main\AndroidManifest.xml:8:5-81
14-->src\main\AndroidManifest.xml:8:22-78
15    <uses-permission android:name="android.permission.FOREGROUND_SERVICE" />
15-->src\main\AndroidManifest.xml:9:5-77
15-->src\main\AndroidManifest.xml:9:22-74
16    <uses-permission android:name="android.permission.INTERNET" />
16-->src\main\AndroidManifest.xml:10:5-67
16-->src\main\AndroidManifest.xml:10:22-64
17    <uses-permission android:name="android.permission.READ_PHONE_STATE" />
17-->src\main\AndroidManifest.xml:11:5-75
17-->src\main\AndroidManifest.xml:11:22-72
18    <uses-permission android:name="android.permission.READ_CALL_LOG" />
18-->src\main\AndroidManifest.xml:12:5-72
18-->src\main\AndroidManifest.xml:12:22-69
19    <uses-permission android:name="android.permission.RECEIVE_SMS" />
19-->src\main\AndroidManifest.xml:13:5-70
19-->src\main\AndroidManifest.xml:13:22-67
20    <uses-permission android:name="android.permission.READ_SMS" />
20-->src\main\AndroidManifest.xml:14:5-67
20-->src\main\AndroidManifest.xml:14:22-64
21    <uses-permission android:name="android.permission.POST_NOTIFICATIONS" />
21-->src\main\AndroidManifest.xml:15:5-77
21-->src\main\AndroidManifest.xml:15:22-74
22    <uses-permission android:name="android.permission.VIBRATE" />
22-->src\main\AndroidManifest.xml:16:5-66
22-->src\main\AndroidManifest.xml:16:22-63
23    <!-- Notification Listener is granted via System Settings → Notification Access -->
24
25    <queries>
25-->src\main\AndroidManifest.xml:19:5-21:15
26        <package android:name="com.civixshield.app" />
26-->src\main\AndroidManifest.xml:20:9-55
26-->src\main\AndroidManifest.xml:20:18-52
27    </queries>
28
29    <uses-permission android:name="android.permission.ACCESS_NETWORK_STATE" />
29-->[com.google.mlkit:entity-extraction:16.0.0-beta5] AndroidManifest.xml:7:5-79
29-->[com.google.mlkit:entity-extraction:16.0.0-beta5] AndroidManifest.xml:7:22-76
30    <uses-permission android:name="android.permission.WAKE_LOCK" />
30-->[androidx.work:work-runtime:2.7.0] AndroidManifest.xml:25:5-68
30-->[androidx.work:work-runtime:2.7.0] AndroidManifest.xml:25:22-65
31    <uses-permission android:name="com.google.android.providers.gsf.permission.READ_GSERVICES" />
31-->[com.google.android.recaptcha:recaptcha:18.4.0] AndroidManifest.xml:9:5-98
31-->[com.google.android.recaptcha:recaptcha:18.4.0] AndroidManifest.xml:9:22-95
32
33    <permission
33-->[androidx.core:core:1.12.0] AndroidManifest.xml:22:5-24:47
34        android:name="com.civixshield.launcher.DYNAMIC_RECEIVER_NOT_EXPORTED_PERMISSION"
34-->[androidx.core:core:1.12.0] AndroidManifest.xml:23:9-81
35        android:protectionLevel="signature" />
35-->[androidx.core:core:1.12.0] AndroidManifest.xml:24:9-44
36
37    <uses-permission android:name="com.civixshield.launcher.DYNAMIC_RECEIVER_NOT_EXPORTED_PERMISSION" />
37-->[androidx.core:core:1.12.0] AndroidManifest.xml:26:5-97
37-->[androidx.core:core:1.12.0] AndroidManifest.xml:26:22-94
38
39    <application
39-->src\main\AndroidManifest.xml:23:5-71:19
40        android:allowBackup="true"
40-->src\main\AndroidManifest.xml:24:9-35
41        android:appComponentFactory="androidx.core.app.CoreComponentFactory"
41-->[androidx.core:core:1.12.0] AndroidManifest.xml:28:18-86
42        android:debuggable="true"
43        android:extractNativeLibs="false"
44        android:icon="@android:drawable/sym_def_app_icon"
44-->src\main\AndroidManifest.xml:26:9-58
45        android:label="CivixShield"
45-->src\main\AndroidManifest.xml:25:9-36
46        android:roundIcon="@android:drawable/sym_def_app_icon"
46-->src\main\AndroidManifest.xml:27:9-63
47        android:supportsRtl="true"
47-->src\main\AndroidManifest.xml:28:9-35
48        android:testOnly="true"
49        android:theme="@style/Theme.CivixLauncher"
49-->src\main\AndroidManifest.xml:29:9-51
50        android:usesCleartextTraffic="false" >
50-->src\main\AndroidManifest.xml:30:9-45
51
52        <!-- ============================================================ -->
53        <!-- MAIN ACTIVITY — declared as the HOME screen -->
54        <!-- ============================================================ -->
55        <activity
55-->src\main\AndroidManifest.xml:35:9-56:20
56            android:name="com.civixshield.launcher.MainActivity"
56-->src\main\AndroidManifest.xml:36:13-41
57            android:exported="true"
57-->src\main\AndroidManifest.xml:37:13-36
58            android:launchMode="singleTask"
58-->src\main\AndroidManifest.xml:38:13-44
59            android:stateNotNeeded="true" >
59-->src\main\AndroidManifest.xml:39:13-42
60
61            <!-- This makes the app appear as a launcher option -->
62            <intent-filter>
62-->src\main\AndroidManifest.xml:42:13-47:29
63                <action android:name="android.intent.action.MAIN" />
63-->src\main\AndroidManifest.xml:43:17-69
63-->src\main\AndroidManifest.xml:43:25-66
64
65                <category android:name="android.intent.category.HOME" />
65-->src\main\AndroidManifest.xml:44:17-73
65-->src\main\AndroidManifest.xml:44:27-70
66                <category android:name="android.intent.category.DEFAULT" />
66-->src\main\AndroidManifest.xml:45:17-76
66-->src\main\AndroidManifest.xml:45:27-73
67                <category android:name="android.intent.category.LAUNCHER" />
67-->src\main\AndroidManifest.xml:46:17-77
67-->src\main\AndroidManifest.xml:46:27-74
68            </intent-filter>
69
70            <!-- Handle civix://ingest deep links from React Native / PWA -->
71            <intent-filter>
71-->src\main\AndroidManifest.xml:50:13-55:29
72                <action android:name="android.intent.action.VIEW" />
72-->src\main\AndroidManifest.xml:51:17-69
72-->src\main\AndroidManifest.xml:51:25-66
73
74                <category android:name="android.intent.category.DEFAULT" />
74-->src\main\AndroidManifest.xml:45:17-76
74-->src\main\AndroidManifest.xml:45:27-73
75                <category android:name="android.intent.category.BROWSABLE" />
75-->src\main\AndroidManifest.xml:53:17-78
75-->src\main\AndroidManifest.xml:53:27-75
76
77                <data
77-->src\main\AndroidManifest.xml:54:17-70
78                    android:host="ingest"
78-->src\main\AndroidManifest.xml:54:46-67
79                    android:scheme="civix" />
79-->src\main\AndroidManifest.xml:54:23-45
80            </intent-filter>
81        </activity>
82
83        <!-- ============================================================ -->
84        <!-- NOTIFICATION LISTENER SERVICE -->
85        <!-- ============================================================ -->
86        <service
86-->src\main\AndroidManifest.xml:61:9-69:19
87            android:name="com.civixshield.launcher.CivixNotificationListener"
87-->src\main\AndroidManifest.xml:62:13-54
88            android:exported="true"
88-->src\main\AndroidManifest.xml:63:13-36
89            android:label="CivixShield Threat Monitor"
89-->src\main\AndroidManifest.xml:64:13-55
90            android:permission="android.permission.BIND_NOTIFICATION_LISTENER_SERVICE" >
90-->src\main\AndroidManifest.xml:65:13-87
91            <intent-filter>
91-->src\main\AndroidManifest.xml:66:13-68:29
92                <action android:name="android.service.notification.NotificationListenerService" />
92-->src\main\AndroidManifest.xml:67:17-99
92-->src\main\AndroidManifest.xml:67:25-96
93            </intent-filter>
94        </service>
95        <service
95-->[com.google.mlkit:entity-extraction:16.0.0-beta5] AndroidManifest.xml:11:9-17:19
96            android:name="com.google.mlkit.common.internal.MlKitComponentDiscoveryService"
96-->[com.google.mlkit:entity-extraction:16.0.0-beta5] AndroidManifest.xml:12:13-91
97            android:directBootAware="true"
97-->[com.google.mlkit:common:18.10.0] AndroidManifest.xml:17:13-43
98            android:exported="false" >
98-->[com.google.mlkit:entity-extraction:16.0.0-beta5] AndroidManifest.xml:13:13-37
99            <meta-data
99-->[com.google.mlkit:entity-extraction:16.0.0-beta5] AndroidManifest.xml:14:13-16:85
100                android:name="com.google.firebase.components:com.google.mlkit.nl.entityextraction.internal.EntityExtractionComponentRegistrar"
100-->[com.google.mlkit:entity-extraction:16.0.0-beta5] AndroidManifest.xml:15:17-143
101                android:value="com.google.firebase.components.ComponentRegistrar" />
101-->[com.google.mlkit:entity-extraction:16.0.0-beta5] AndroidManifest.xml:16:17-82
102            <meta-data
102-->[com.google.mlkit:common:18.10.0] AndroidManifest.xml:20:13-22:85
103                android:name="com.google.firebase.components:com.google.mlkit.common.internal.CommonComponentRegistrar"
103-->[com.google.mlkit:common:18.10.0] AndroidManifest.xml:21:17-120
104                android:value="com.google.firebase.components.ComponentRegistrar" />
104-->[com.google.mlkit:common:18.10.0] AndroidManifest.xml:22:17-82
105        </service>
106
107        <provider
107-->[androidx.work:work-runtime:2.7.0] AndroidManifest.xml:31:9-39:20
108            android:name="androidx.startup.InitializationProvider"
108-->[androidx.work:work-runtime:2.7.0] AndroidManifest.xml:32:13-67
109            android:authorities="com.civixshield.launcher.androidx-startup"
109-->[androidx.work:work-runtime:2.7.0] AndroidManifest.xml:33:13-68
110            android:exported="false" >
110-->[androidx.work:work-runtime:2.7.0] AndroidManifest.xml:34:13-37
111            <meta-data
111-->[androidx.work:work-runtime:2.7.0] AndroidManifest.xml:36:13-38:52
112                android:name="androidx.work.WorkManagerInitializer"
112-->[androidx.work:work-runtime:2.7.0] AndroidManifest.xml:37:17-68
113                android:value="androidx.startup" />
113-->[androidx.work:work-runtime:2.7.0] AndroidManifest.xml:38:17-49
114            <meta-data
114-->[androidx.emoji2:emoji2:1.3.0] AndroidManifest.xml:29:13-31:52
115                android:name="androidx.emoji2.text.EmojiCompatInitializer"
115-->[androidx.emoji2:emoji2:1.3.0] AndroidManifest.xml:30:17-75
116                android:value="androidx.startup" />
116-->[androidx.emoji2:emoji2:1.3.0] AndroidManifest.xml:31:17-49
117            <meta-data
117-->[androidx.lifecycle:lifecycle-process:2.7.0] AndroidManifest.xml:29:13-31:52
118                android:name="androidx.lifecycle.ProcessLifecycleInitializer"
118-->[androidx.lifecycle:lifecycle-process:2.7.0] AndroidManifest.xml:30:17-78
119                android:value="androidx.startup" />
119-->[androidx.lifecycle:lifecycle-process:2.7.0] AndroidManifest.xml:31:17-49
120            <meta-data
120-->[androidx.profileinstaller:profileinstaller:1.3.0] AndroidManifest.xml:29:13-31:52
121                android:name="androidx.profileinstaller.ProfileInstallerInitializer"
121-->[androidx.profileinstaller:profileinstaller:1.3.0] AndroidManifest.xml:30:17-85
122                android:value="androidx.startup" />
122-->[androidx.profileinstaller:profileinstaller:1.3.0] AndroidManifest.xml:31:17-49
123        </provider>
124
125        <service
125-->[androidx.work:work-runtime:2.7.0] AndroidManifest.xml:41:9-46:35
126            android:name="androidx.work.impl.background.systemalarm.SystemAlarmService"
126-->[androidx.work:work-runtime:2.7.0] AndroidManifest.xml:42:13-88
127            android:directBootAware="false"
127-->[androidx.work:work-runtime:2.7.0] AndroidManifest.xml:43:13-44
128            android:enabled="@bool/enable_system_alarm_service_default"
128-->[androidx.work:work-runtime:2.7.0] AndroidManifest.xml:44:13-72
129            android:exported="false" />
129-->[androidx.work:work-runtime:2.7.0] AndroidManifest.xml:45:13-37
130        <service
130-->[androidx.work:work-runtime:2.7.0] AndroidManifest.xml:47:9-53:35
131            android:name="androidx.work.impl.background.systemjob.SystemJobService"
131-->[androidx.work:work-runtime:2.7.0] AndroidManifest.xml:48:13-84
132            android:directBootAware="false"
132-->[androidx.work:work-runtime:2.7.0] AndroidManifest.xml:49:13-44
133            android:enabled="@bool/enable_system_job_service_default"
133-->[androidx.work:work-runtime:2.7.0] AndroidManifest.xml:50:13-70
134            android:exported="true"
134-->[androidx.work:work-runtime:2.7.0] AndroidManifest.xml:51:13-36
135            android:permission="android.permission.BIND_JOB_SERVICE" />
135-->[androidx.work:work-runtime:2.7.0] AndroidManifest.xml:52:13-69
136        <service
136-->[androidx.work:work-runtime:2.7.0] AndroidManifest.xml:54:9-59:35
137            android:name="androidx.work.impl.foreground.SystemForegroundService"
137-->[androidx.work:work-runtime:2.7.0] AndroidManifest.xml:55:13-81
138            android:directBootAware="false"
138-->[androidx.work:work-runtime:2.7.0] AndroidManifest.xml:56:13-44
139            android:enabled="@bool/enable_system_foreground_service_default"
139-->[androidx.work:work-runtime:2.7.0] AndroidManifest.xml:57:13-77
140            android:exported="false" />
140-->[androidx.work:work-runtime:2.7.0] AndroidManifest.xml:58:13-37
141
142        <receiver
142-->[androidx.work:work-runtime:2.7.0] AndroidManifest.xml:61:9-66:35
143            android:name="androidx.work.impl.utils.ForceStopRunnable$BroadcastReceiver"
143-->[androidx.work:work-runtime:2.7.0] AndroidManifest.xml:62:13-88
144            android:directBootAware="false"
144-->[androidx.work:work-runtime:2.7.0] AndroidManifest.xml:63:13-44
145            android:enabled="true"
145-->[androidx.work:work-runtime:2.7.0] AndroidManifest.xml:64:13-35
146            android:exported="false" />
146-->[androidx.work:work-runtime:2.7.0] AndroidManifest.xml:65:13-37
147        <receiver
147-->[androidx.work:work-runtime:2.7.0] AndroidManifest.xml:67:9-77:20
148            android:name="androidx.work.impl.background.systemalarm.ConstraintProxy$BatteryChargingProxy"
148-->[androidx.work:work-runtime:2.7.0] AndroidManifest.xml:68:13-106
149            android:directBootAware="false"
149-->[androidx.work:work-runtime:2.7.0] AndroidManifest.xml:69:13-44
150            android:enabled="false"
150-->[androidx.work:work-runtime:2.7.0] AndroidManifest.xml:70:13-36
151            android:exported="false" >
151-->[androidx.work:work-runtime:2.7.0] AndroidManifest.xml:71:13-37
152            <intent-filter>
152-->[androidx.work:work-runtime:2.7.0] AndroidManifest.xml:73:13-76:29
153                <action android:name="android.intent.action.ACTION_POWER_CONNECTED" />
153-->[androidx.work:work-runtime:2.7.0] AndroidManifest.xml:74:17-87
153-->[androidx.work:work-runtime:2.7.0] AndroidManifest.xml:74:25-84
154                <action android:name="android.intent.action.ACTION_POWER_DISCONNECTED" />
154-->[androidx.work:work-runtime:2.7.0] AndroidManifest.xml:75:17-90
154-->[androidx.work:work-runtime:2.7.0] AndroidManifest.xml:75:25-87
155            </intent-filter>
156        </receiver>
157        <receiver
157-->[androidx.work:work-runtime:2.7.0] AndroidManifest.xml:78:9-88:20
158            android:name="androidx.work.impl.background.systemalarm.ConstraintProxy$BatteryNotLowProxy"
158-->[androidx.work:work-runtime:2.7.0] AndroidManifest.xml:79:13-104
159            android:directBootAware="false"
159-->[androidx.work:work-runtime:2.7.0] AndroidManifest.xml:80:13-44
160            android:enabled="false"
160-->[androidx.work:work-runtime:2.7.0] AndroidManifest.xml:81:13-36
161            android:exported="false" >
161-->[androidx.work:work-runtime:2.7.0] AndroidManifest.xml:82:13-37
162            <intent-filter>
162-->[androidx.work:work-runtime:2.7.0] AndroidManifest.xml:84:13-87:29
163                <action android:name="android.intent.action.BATTERY_OKAY" />
163-->[androidx.work:work-runtime:2.7.0] AndroidManifest.xml:85:17-77
163-->[androidx.work:work-runtime:2.7.0] AndroidManifest.xml:85:25-74
164                <action android:name="android.intent.action.BATTERY_LOW" />
164-->[androidx.work:work-runtime:2.7.0] AndroidManifest.xml:86:17-76
164-->[androidx.work:work-runtime:2.7.0] AndroidManifest.xml:86:25-73
165            </intent-filter>
166        </receiver>
167        <receiver
167-->[androidx.work:work-runtime:2.7.0] AndroidManifest.xml:89:9-99:20
168            android:name="androidx.work.impl.background.systemalarm.ConstraintProxy$StorageNotLowProxy"
168-->[androidx.work:work-runtime:2.7.0] AndroidManifest.xml:90:13-104
169            android:directBootAware="false"
169-->[androidx.work:work-runtime:2.7.0] AndroidManifest.xml:91:13-44
170            android:enabled="false"
170-->[androidx.work:work-runtime:2.7.0] AndroidManifest.xml:92:13-36
171            android:exported="false" >
171-->[androidx.work:work-runtime:2.7.0] AndroidManifest.xml:93:13-37
172            <intent-filter>
172-->[androidx.work:work-runtime:2.7.0] AndroidManifest.xml:95:13-98:29
173                <action android:name="android.intent.action.DEVICE_STORAGE_LOW" />
173-->[androidx.work:work-runtime:2.7.0] AndroidManifest.xml:96:17-83
173-->[androidx.work:work-runtime:2.7.0] AndroidManifest.xml:96:25-80
174                <action android:name="android.intent.action.DEVICE_STORAGE_OK" />
174-->[androidx.work:work-runtime:2.7.0] AndroidManifest.xml:97:17-82
174-->[androidx.work:work-runtime:2.7.0] AndroidManifest.xml:97:25-79
175            </intent-filter>
176        </receiver>
177        <receiver
177-->[androidx.work:work-runtime:2.7.0] AndroidManifest.xml:100:9-109:20
178            android:name="androidx.work.impl.background.systemalarm.ConstraintProxy$NetworkStateProxy"
178-->[androidx.work:work-runtime:2.7.0] AndroidManifest.xml:101:13-103
179            android:directBootAware="false"
179-->[androidx.work:work-runtime:2.7.0] AndroidManifest.xml:102:13-44
180            android:enabled="false"
180-->[androidx.work:work-runtime:2.7.0] AndroidManifest.xml:103:13-36
181            android:exported="false" >
181-->[androidx.work:work-runtime:2.7.0] AndroidManifest.xml:104:13-37
182            <intent-filter>
182-->[androidx.work:work-runtime:2.7.0] AndroidManifest.xml:106:13-108:29
183                <action android:name="android.net.conn.CONNECTIVITY_CHANGE" />
183-->[androidx.work:work-runtime:2.7.0] AndroidManifest.xml:107:17-79
183-->[androidx.work:work-runtime:2.7.0] AndroidManifest.xml:107:25-76
184            </intent-filter>
185        </receiver>
186        <receiver
186-->[androidx.work:work-runtime:2.7.0] AndroidManifest.xml:110:9-121:20
187            android:name="androidx.work.impl.background.systemalarm.RescheduleReceiver"
187-->[androidx.work:work-runtime:2.7.0] AndroidManifest.xml:111:13-88
188            android:directBootAware="false"
188-->[androidx.work:work-runtime:2.7.0] AndroidManifest.xml:112:13-44
189            android:enabled="false"
189-->[androidx.work:work-runtime:2.7.0] AndroidManifest.xml:113:13-36
190            android:exported="false" >
190-->[androidx.work:work-runtime:2.7.0] AndroidManifest.xml:114:13-37
191            <intent-filter>
191-->[androidx.work:work-runtime:2.7.0] AndroidManifest.xml:116:13-120:29
192                <action android:name="android.intent.action.BOOT_COMPLETED" />
192-->[androidx.work:work-runtime:2.7.0] AndroidManifest.xml:117:17-79
192-->[androidx.work:work-runtime:2.7.0] AndroidManifest.xml:117:25-76
193                <action android:name="android.intent.action.TIME_SET" />
193-->[androidx.work:work-runtime:2.7.0] AndroidManifest.xml:118:17-73
193-->[androidx.work:work-runtime:2.7.0] AndroidManifest.xml:118:25-70
194                <action android:name="android.intent.action.TIMEZONE_CHANGED" />
194-->[androidx.work:work-runtime:2.7.0] AndroidManifest.xml:119:17-81
194-->[androidx.work:work-runtime:2.7.0] AndroidManifest.xml:119:25-78
195            </intent-filter>
196        </receiver>
197        <receiver
197-->[androidx.work:work-runtime:2.7.0] AndroidManifest.xml:122:9-131:20
198            android:name="androidx.work.impl.background.systemalarm.ConstraintProxyUpdateReceiver"
198-->[androidx.work:work-runtime:2.7.0] AndroidManifest.xml:123:13-99
199            android:directBootAware="false"
199-->[androidx.work:work-runtime:2.7.0] AndroidManifest.xml:124:13-44
200            android:enabled="@bool/enable_system_alarm_service_default"
200-->[androidx.work:work-runtime:2.7.0] AndroidManifest.xml:125:13-72
201            android:exported="false" >
201-->[androidx.work:work-runtime:2.7.0] AndroidManifest.xml:126:13-37
202            <intent-filter>
202-->[androidx.work:work-runtime:2.7.0] AndroidManifest.xml:128:13-130:29
203                <action android:name="androidx.work.impl.background.systemalarm.UpdateProxies" />
203-->[androidx.work:work-runtime:2.7.0] AndroidManifest.xml:129:17-98
203-->[androidx.work:work-runtime:2.7.0] AndroidManifest.xml:129:25-95
204            </intent-filter>
205        </receiver>
206        <receiver
206-->[androidx.work:work-runtime:2.7.0] AndroidManifest.xml:132:9-142:20
207            android:name="androidx.work.impl.diagnostics.DiagnosticsReceiver"
207-->[androidx.work:work-runtime:2.7.0] AndroidManifest.xml:133:13-78
208            android:directBootAware="false"
208-->[androidx.work:work-runtime:2.7.0] AndroidManifest.xml:134:13-44
209            android:enabled="true"
209-->[androidx.work:work-runtime:2.7.0] AndroidManifest.xml:135:13-35
210            android:exported="true"
210-->[androidx.work:work-runtime:2.7.0] AndroidManifest.xml:136:13-36
211            android:permission="android.permission.DUMP" >
211-->[androidx.work:work-runtime:2.7.0] AndroidManifest.xml:137:13-57
212            <intent-filter>
212-->[androidx.work:work-runtime:2.7.0] AndroidManifest.xml:139:13-141:29
213                <action android:name="androidx.work.diagnostics.REQUEST_DIAGNOSTICS" />
213-->[androidx.work:work-runtime:2.7.0] AndroidManifest.xml:140:17-88
213-->[androidx.work:work-runtime:2.7.0] AndroidManifest.xml:140:25-85
214            </intent-filter>
215        </receiver>
216
217        <provider
217-->[com.google.mlkit:common:18.10.0] AndroidManifest.xml:9:9-13:38
218            android:name="com.google.mlkit.common.internal.MlKitInitProvider"
218-->[com.google.mlkit:common:18.10.0] AndroidManifest.xml:10:13-78
219            android:authorities="com.civixshield.launcher.mlkitinitprovider"
219-->[com.google.mlkit:common:18.10.0] AndroidManifest.xml:11:13-69
220            android:exported="false"
220-->[com.google.mlkit:common:18.10.0] AndroidManifest.xml:12:13-37
221            android:initOrder="99" />
221-->[com.google.mlkit:common:18.10.0] AndroidManifest.xml:13:13-35
222
223        <service
223-->[com.google.firebase:firebase-firestore-ktx:24.10.2] AndroidManifest.xml:9:9-15:19
224            android:name="com.google.firebase.components.ComponentDiscoveryService"
224-->[com.google.firebase:firebase-firestore-ktx:24.10.2] AndroidManifest.xml:10:13-84
225            android:directBootAware="true"
225-->[com.google.firebase:firebase-common:20.4.2] AndroidManifest.xml:32:13-43
226            android:exported="false" >
226-->[com.google.firebase:firebase-firestore-ktx:24.10.2] AndroidManifest.xml:11:13-37
227            <meta-data
227-->[com.google.firebase:firebase-firestore-ktx:24.10.2] AndroidManifest.xml:12:13-14:85
228                android:name="com.google.firebase.components:com.google.firebase.firestore.ktx.FirebaseFirestoreLegacyRegistrar"
228-->[com.google.firebase:firebase-firestore-ktx:24.10.2] AndroidManifest.xml:13:17-129
229                android:value="com.google.firebase.components.ComponentRegistrar" />
229-->[com.google.firebase:firebase-firestore-ktx:24.10.2] AndroidManifest.xml:14:17-82
230            <meta-data
230-->[com.google.firebase:firebase-firestore:24.10.2] AndroidManifest.xml:17:13-19:85
231                android:name="com.google.firebase.components:com.google.firebase.firestore.FirebaseFirestoreKtxRegistrar"
231-->[com.google.firebase:firebase-firestore:24.10.2] AndroidManifest.xml:18:17-122
232                android:value="com.google.firebase.components.ComponentRegistrar" />
232-->[com.google.firebase:firebase-firestore:24.10.2] AndroidManifest.xml:19:17-82
233            <meta-data
233-->[com.google.firebase:firebase-firestore:24.10.2] AndroidManifest.xml:20:13-22:85
234                android:name="com.google.firebase.components:com.google.firebase.firestore.FirestoreRegistrar"
234-->[com.google.firebase:firebase-firestore:24.10.2] AndroidManifest.xml:21:17-111
235                android:value="com.google.firebase.components.ComponentRegistrar" />
235-->[com.google.firebase:firebase-firestore:24.10.2] AndroidManifest.xml:22:17-82
236            <meta-data
236-->[com.google.firebase:firebase-auth-ktx:22.3.1] AndroidManifest.xml:11:13-13:85
237                android:name="com.google.firebase.components:com.google.firebase.auth.ktx.FirebaseAuthLegacyRegistrar"
237-->[com.google.firebase:firebase-auth-ktx:22.3.1] AndroidManifest.xml:12:17-119
238                android:value="com.google.firebase.components.ComponentRegistrar" />
238-->[com.google.firebase:firebase-auth-ktx:22.3.1] AndroidManifest.xml:13:17-82
239            <meta-data
239-->[com.google.firebase:firebase-auth:22.3.1] AndroidManifest.xml:69:13-71:85
240                android:name="com.google.firebase.components:com.google.firebase.auth.FirebaseAuthRegistrar"
240-->[com.google.firebase:firebase-auth:22.3.1] AndroidManifest.xml:70:17-109
241                android:value="com.google.firebase.components.ComponentRegistrar" />
241-->[com.google.firebase:firebase-auth:22.3.1] AndroidManifest.xml:71:17-82
242            <meta-data
242-->[com.google.firebase:firebase-common-ktx:20.4.2] AndroidManifest.xml:12:13-14:85
243                android:name="com.google.firebase.components:com.google.firebase.ktx.FirebaseCommonLegacyRegistrar"
243-->[com.google.firebase:firebase-common-ktx:20.4.2] AndroidManifest.xml:13:17-116
244                android:value="com.google.firebase.components.ComponentRegistrar" />
244-->[com.google.firebase:firebase-common-ktx:20.4.2] AndroidManifest.xml:14:17-82
245            <meta-data
245-->[com.google.firebase:firebase-common:20.4.2] AndroidManifest.xml:35:13-37:85
246                android:name="com.google.firebase.components:com.google.firebase.FirebaseCommonKtxRegistrar"
246-->[com.google.firebase:firebase-common:20.4.2] AndroidManifest.xml:36:17-109
247                android:value="com.google.firebase.components.ComponentRegistrar" />
247-->[com.google.firebase:firebase-common:20.4.2] AndroidManifest.xml:37:17-82
248        </service>
249
250        <activity
250-->[com.google.firebase:firebase-auth:22.3.1] AndroidManifest.xml:29:9-46:20
251            android:name="com.google.firebase.auth.internal.GenericIdpActivity"
251-->[com.google.firebase:firebase-auth:22.3.1] AndroidManifest.xml:30:13-80
252            android:excludeFromRecents="true"
252-->[com.google.firebase:firebase-auth:22.3.1] AndroidManifest.xml:31:13-46
253            android:exported="true"
253-->[com.google.firebase:firebase-auth:22.3.1] AndroidManifest.xml:32:13-36
254            android:launchMode="singleTask"
254-->[com.google.firebase:firebase-auth:22.3.1] AndroidManifest.xml:33:13-44
255            android:theme="@android:style/Theme.Translucent.NoTitleBar" >
255-->[com.google.firebase:firebase-auth:22.3.1] AndroidManifest.xml:34:13-72
256            <intent-filter>
256-->[com.google.firebase:firebase-auth:22.3.1] AndroidManifest.xml:35:13-45:29
257                <action android:name="android.intent.action.VIEW" />
257-->src\main\AndroidManifest.xml:51:17-69
257-->src\main\AndroidManifest.xml:51:25-66
258
259                <category android:name="android.intent.category.DEFAULT" />
259-->src\main\AndroidManifest.xml:45:17-76
259-->src\main\AndroidManifest.xml:45:27-73
260                <category android:name="android.intent.category.BROWSABLE" />
260-->src\main\AndroidManifest.xml:53:17-78
260-->src\main\AndroidManifest.xml:53:27-75
261
262                <data
262-->src\main\AndroidManifest.xml:54:17-70
263                    android:host="firebase.auth"
263-->src\main\AndroidManifest.xml:54:46-67
264                    android:path="/"
265                    android:scheme="genericidp" />
265-->src\main\AndroidManifest.xml:54:23-45
266            </intent-filter>
267        </activity>
268        <activity
268-->[com.google.firebase:firebase-auth:22.3.1] AndroidManifest.xml:47:9-64:20
269            android:name="com.google.firebase.auth.internal.RecaptchaActivity"
269-->[com.google.firebase:firebase-auth:22.3.1] AndroidManifest.xml:48:13-79
270            android:excludeFromRecents="true"
270-->[com.google.firebase:firebase-auth:22.3.1] AndroidManifest.xml:49:13-46
271            android:exported="true"
271-->[com.google.firebase:firebase-auth:22.3.1] AndroidManifest.xml:50:13-36
272            android:launchMode="singleTask"
272-->[com.google.firebase:firebase-auth:22.3.1] AndroidManifest.xml:51:13-44
273            android:theme="@android:style/Theme.Translucent.NoTitleBar" >
273-->[com.google.firebase:firebase-auth:22.3.1] AndroidManifest.xml:52:13-72
274            <intent-filter>
274-->[com.google.firebase:firebase-auth:22.3.1] AndroidManifest.xml:53:13-63:29
275                <action android:name="android.intent.action.VIEW" />
275-->src\main\AndroidManifest.xml:51:17-69
275-->src\main\AndroidManifest.xml:51:25-66
276
277                <category android:name="android.intent.category.DEFAULT" />
277-->src\main\AndroidManifest.xml:45:17-76
277-->src\main\AndroidManifest.xml:45:27-73